app/build/intermediates/manifest_merge_blame_file/debug/manifest-merger-blame-debug-report.txt
1<?xml version="1.0" encoding="utf-8"?>
2<manifest xmlns:android="http://schemas.android.com/apk/res/android"
3    package="com.example.task"
4    android:versionCode="1"
5    android:versionName="1.0" >
6
7    <uses-sdk
8        android:minSdkVersion="24"
8-->src\main\AndroidManifest.xml
9        android:targetSdkVersion="29" />
9-->src\main\AndroidManifest.xml
10
11    <uses-permission android:name="android.permission.INTERNET" />
11-->src\main\AndroidManifest.xml:5:5-67
11-->src\main\AndroidManifest.xml:5:22-64
12    <uses-permission android:name="android.permission.ACCESS_NETWORK_STATE" />
12-->[com.google.android.gms:play-services-measurement:17.2.2] AndroidManifest.xml:24:5-79
12-->[com.google.android.gms:play-services-measurement:17.2.2] AndroidManifest.xml:24:22-76
13    <uses-permission android:name="android.permission.WAKE_LOCK" />
13-->[com.google.android.gms:play-services-measurement:17.2.2] AndroidManifest.xml:25:5-68
13-->[com.google.android.gms:play-services-measurement:17.2.2] AndroidManifest.xml:25:22-65
14    <uses-permission android:name="com.google.android.finsky.permission.BIND_GET_INSTALL_REFERRER_SERVICE" /> <!-- Required by older versions of Google Play services to create IID tokens -->
14-->[com.google.android.gms:play-services-measurement:17.2.2] AndroidManifest.xml:26:5-110
14-->[com.google.android.gms:play-services-measurement:17.2.2] AndroidManifest.xml:26:22-107
15    <uses-permission android:name="com.google.android.c2dm.permission.RECEIVE" />
15-->[com.google.firebase:firebase-iid:20.0.2] AndroidManifest.xml:26:5-82
15-->[com.google.firebase:firebase-iid:20.0.2] AndroidManifest.xml:26:22-79
16
17    <application
17-->src\main\AndroidManifest.xml:7:5-40:19
18        android:allowBackup="true"
18-->src\main\AndroidManifest.xml:8:9-35
19        android:appComponentFactory="androidx.core.app.CoreComponentFactory"
19-->[androidx.core:core:1.1.0] AndroidManifest.xml:24:18-86
20        android:debuggable="true"
21        android:icon="@mipmap/ic_launcher"
21-->src\main\AndroidManifest.xml:9:9-43
22        android:label="@string/app_name"
22-->src\main\AndroidManifest.xml:10:9-41
23        android:roundIcon="@mipmap/ic_launcher_round"
23-->src\main\AndroidManifest.xml:11:9-54
24        android:supportsRtl="true"
24-->src\main\AndroidManifest.xml:12:9-35
25        android:theme="@style/AppTheme" >
25-->src\main\AndroidManifest.xml:13:9-40
26        <activity android:name="com.example.task.HomeActivity" />
26-->src\main\AndroidManifest.xml:14:9-59
26-->src\main\AndroidManifest.xml:14:19-47
27        <activity android:name="com.example.task.RegistrationActivity" />
27-->src\main\AndroidManifest.xml:15:9-58
27-->src\main\AndroidManifest.xml:15:19-55
28        <activity android:name="com.example.task.MainActivity" >
28-->src\main\AndroidManifest.xml:16:9-22:20
28-->src\main\AndroidManifest.xml:16:19-47
29            <intent-filter>
29-->src\main\AndroidManifest.xml:17:13-21:29
30                <action android:name="android.intent.action.MAIN" />
30-->src\main\AndroidManifest.xml:18:17-69
30-->src\main\AndroidManifest.xml:18:25-66
31
32                <category android:name="android.intent.category.LAUNCHER" />
32-->src\main\AndroidManifest.xml:20:17-77
32-->src\main\AndroidManifest.xml:20:27-74
33            </intent-filter>
34        </activity>
35
36        <meta-data
36-->src\main\AndroidManifest.xml:22:20-23:50
37            android:name="com.facebook.sdk.ApplicationId"
37-->src\main\AndroidManifest.xml:22:31-76
38            android:value="@string/facebook_app_id" />
38-->src\main\AndroidManifest.xml:23:9-48
39
40        <activity
40-->src\main\AndroidManifest.xml:25:9-28:48
41            android:name="com.facebook.FacebookActivity"
41-->src\main\AndroidManifest.xml:25:19-63
42            android:configChanges="keyboard|keyboardHidden|screenLayout|screenSize|orientation"
42-->src\main\AndroidManifest.xml:26:13-114
43            android:label="@string/app_name"
43-->src\main\AndroidManifest.xml:28:13-45
44            android:theme="@style/com_facebook_activity_theme" />
44-->[com.facebook.android:facebook-common:5.15.3] AndroidManifest.xml:33:13-63
45        <activity
45-->src\main\AndroidManifest.xml:29:9-38:20
46            android:name="com.facebook.CustomTabActivity"
46-->src\main\AndroidManifest.xml:30:13-58
47            android:exported="true" >
47-->src\main\AndroidManifest.xml:31:13-36
48            <intent-filter>
48-->src\main\AndroidManifest.xml:32:13-37:29
49                <action android:name="android.intent.action.VIEW" />
49-->src\main\AndroidManifest.xml:33:17-69
49-->src\main\AndroidManifest.xml:33:25-66
50
51                <category android:name="android.intent.category.DEFAULT" />
51-->src\main\AndroidManifest.xml:34:17-76
51-->src\main\AndroidManifest.xml:34:27-73
52                <category android:name="android.intent.category.BROWSABLE" />
52-->src\main\AndroidManifest.xml:35:17-78
52-->src\main\AndroidManifest.xml:35:27-75
53
54                <data android:scheme="@string/fb_login_protocol_scheme" />
54-->src\main\AndroidManifest.xml:36:17-75
54-->src\main\AndroidManifest.xml:36:23-72
55            </intent-filter>
56            <intent-filter>
56-->[com.facebook.android:facebook-common:5.15.3] AndroidManifest.xml:39:13-48:29
57                <action android:name="android.intent.action.VIEW" />
57-->src\main\AndroidManifest.xml:33:17-69
57-->src\main\AndroidManifest.xml:33:25-66
58
59                <category android:name="android.intent.category.DEFAULT" />
59-->src\main\AndroidManifest.xml:34:17-76
59-->src\main\AndroidManifest.xml:34:27-73
60                <category android:name="android.intent.category.BROWSABLE" />
60-->src\main\AndroidManifest.xml:35:17-78
60-->src\main\AndroidManifest.xml:35:27-75
61
62                <data
62-->src\main\AndroidManifest.xml:36:17-75
63                    android:host="cct.com.example.task"
64                    android:scheme="fbconnect" />
64-->src\main\AndroidManifest.xml:36:23-72
65            </intent-filter>
66        </activity>
67        <activity android:name="com.facebook.CustomTabMainActivity" />
67-->[com.facebook.android:facebook-common:5.15.3] AndroidManifest.xml:34:9-71
67-->[com.facebook.android:facebook-common:5.15.3] AndroidManifest.xml:34:19-68
68        <activity
68-->[com.google.android.gms:play-services-auth:17.0.0] AndroidManifest.xml:23:9-27:75
69            android:name="com.google.android.gms.auth.api.signin.internal.SignInHubActivity"
69-->[com.google.android.gms:play-services-auth:17.0.0] AndroidManifest.xml:24:13-93
70            android:excludeFromRecents="true"
70-->[com.google.android.gms:play-services-auth:17.0.0] AndroidManifest.xml:25:13-46
71            android:exported="false"
71-->[com.google.android.gms:play-services-auth:17.0.0] AndroidManifest.xml:26:13-37
72            android:theme="@android:style/Theme.Translucent.NoTitleBar" />
72-->[com.google.android.gms:play-services-auth:17.0.0] AndroidManifest.xml:27:13-72
73        <!--
74            Service handling Google Sign-In user revocation. For apps that do not integrate with
75            Google Sign-In, this service will never be started.
76        -->
77        <service
77-->[com.google.android.gms:play-services-auth:17.0.0] AndroidManifest.xml:33:9-36:110
78            android:name="com.google.android.gms.auth.api.signin.RevocationBoundService"
78-->[com.google.android.gms:play-services-auth:17.0.0] AndroidManifest.xml:34:13-89
79            android:exported="true"
79-->[com.google.android.gms:play-services-auth:17.0.0] AndroidManifest.xml:35:13-36
80            android:permission="com.google.android.gms.auth.api.signin.permission.REVOCATION_NOTIFICATION" />
80-->[com.google.android.gms:play-services-auth:17.0.0] AndroidManifest.xml:36:13-107
81
82        <activity
82-->[com.google.firebase:firebase-auth:19.3.1] AndroidManifest.xml:24:9-31:50
83            android:name="com.google.firebase.auth.internal.FederatedSignInActivity"
83-->[com.google.firebase:firebase-auth:19.3.1] AndroidManifest.xml:25:13-85
84            android:excludeFromRecents="true"
84-->[com.google.firebase:firebase-auth:19.3.1] AndroidManifest.xml:26:13-46
85            android:exported="true"
85-->[com.google.firebase:firebase-auth:19.3.1] AndroidManifest.xml:27:13-36
86            android:launchMode="singleTask"
86-->[com.google.firebase:firebase-auth:19.3.1] AndroidManifest.xml:28:13-44
87            android:permission="com.google.firebase.auth.api.gms.permission.LAUNCH_FEDERATED_SIGN_IN"
87-->[com.google.firebase:firebase-auth:19.3.1] AndroidManifest.xml:29:13-102
88            android:theme="@android:style/Theme.Translucent.NoTitleBar" />
88-->[com.google.firebase:firebase-auth:19.3.1] AndroidManifest.xml:30:13-72
89
90        <service
90-->[com.google.firebase:firebase-auth:19.3.1] AndroidManifest.xml:33:9-39:19
91            android:name="com.google.firebase.components.ComponentDiscoveryService"
91-->[com.google.firebase:firebase-auth:19.3.1] AndroidManifest.xml:34:13-84
92            android:directBootAware="true"
92-->[com.google.firebase:firebase-common:19.3.0] AndroidManifest.xml:34:13-43
93            android:exported="false" >
93-->[com.google.firebase:firebase-auth:19.3.1] AndroidManifest.xml:35:13-37
94            <meta-data
94-->[com.google.firebase:firebase-auth:19.3.1] AndroidManifest.xml:36:13-38:85
95                android:name="com.google.firebase.components:com.google.firebase.auth.FirebaseAuthRegistrar"
95-->[com.google.firebase:firebase-auth:19.3.1] AndroidManifest.xml:37:17-109
96                android:value="com.google.firebase.components.ComponentRegistrar" />
96-->[com.google.firebase:firebase-auth:19.3.1] AndroidManifest.xml:38:17-82
97            <meta-data
97-->[com.google.android.gms:play-services-measurement-api:17.2.2] AndroidManifest.xml:30:13-32:85
98                android:name="com.google.firebase.components:com.google.firebase.analytics.connector.internal.AnalyticsConnectorRegistrar"
98-->[com.google.android.gms:play-services-measurement-api:17.2.2] AndroidManifest.xml:31:17-139
99                android:value="com.google.firebase.components.ComponentRegistrar" />
99-->[com.google.android.gms:play-services-measurement-api:17.2.2] AndroidManifest.xml:32:17-82
100            <meta-data
100-->[com.google.firebase:firebase-iid:20.0.2] AndroidManifest.xml:32:13-34:85
101                android:name="com.google.firebase.components:com.google.firebase.iid.Registrar"
101-->[com.google.firebase:firebase-iid:20.0.2] AndroidManifest.xml:33:17-96
102                android:value="com.google.firebase.components.ComponentRegistrar" />
102-->[com.google.firebase:firebase-iid:20.0.2] AndroidManifest.xml:34:17-82
103        </service>
104
105        <receiver
105-->[com.google.android.gms:play-services-measurement:17.2.2] AndroidManifest.xml:29:9-33:20
106            android:name="com.google.android.gms.measurement.AppMeasurementReceiver"
106-->[com.google.android.gms:play-services-measurement:17.2.2] AndroidManifest.xml:30:13-85
107            android:enabled="true"
107-->[com.google.android.gms:play-services-measurement:17.2.2] AndroidManifest.xml:31:13-35
108            android:exported="false" >
108-->[com.google.android.gms:play-services-measurement:17.2.2] AndroidManifest.xml:32:13-37
109        </receiver>
110        <receiver
110-->[com.google.android.gms:play-services-measurement:17.2.2] AndroidManifest.xml:34:9-42:20
111            android:name="com.google.android.gms.measurement.AppMeasurementInstallReferrerReceiver"
111-->[com.google.android.gms:play-services-measurement:17.2.2] AndroidManifest.xml:35:13-100
112            android:enabled="true"
112-->[com.google.android.gms:play-services-measurement:17.2.2] AndroidManifest.xml:36:13-35
113            android:exported="true"
113-->[com.google.android.gms:play-services-measurement:17.2.2] AndroidManifest.xml:37:13-36
114            android:permission="android.permission.INSTALL_PACKAGES" >
114-->[com.google.android.gms:play-services-measurement:17.2.2] AndroidManifest.xml:38:13-69
115            <intent-filter>
115-->[com.google.android.gms:play-services-measurement:17.2.2] AndroidManifest.xml:39:13-41:29
116                <action android:name="com.android.vending.INSTALL_REFERRER" />
116-->[com.google.android.gms:play-services-measurement:17.2.2] AndroidManifest.xml:40:17-79
116-->[com.google.android.gms:play-services-measurement:17.2.2] AndroidManifest.xml:40:25-76
117            </intent-filter>
118        </receiver>
119
120        <service
120-->[com.google.android.gms:play-services-measurement:17.2.2] AndroidManifest.xml:44:9-47:40
121            android:name="com.google.android.gms.measurement.AppMeasurementService"
121-->[com.google.android.gms:play-services-measurement:17.2.2] AndroidManifest.xml:45:13-84
122            android:enabled="true"
122-->[com.google.android.gms:play-services-measurement:17.2.2] AndroidManifest.xml:46:13-35
123            android:exported="false" />
123-->[com.google.android.gms:play-services-measurement:17.2.2] AndroidManifest.xml:47:13-37
124        <service
124-->[com.google.android.gms:play-services-measurement:17.2.2] AndroidManifest.xml:48:9-52:72
125            android:name="com.google.android.gms.measurement.AppMeasurementJobService"
125-->[com.google.android.gms:play-services-measurement:17.2.2] AndroidManifest.xml:49:13-87
126            android:enabled="true"
126-->[com.google.android.gms:play-services-measurement:17.2.2] AndroidManifest.xml:50:13-35
127            android:exported="false"
127-->[com.google.android.gms:play-services-measurement:17.2.2] AndroidManifest.xml:51:13-37
128            android:permission="android.permission.BIND_JOB_SERVICE" />
128-->[com.google.android.gms:play-services-measurement:17.2.2] AndroidManifest.xml:52:13-69
129        <!--
130         The initialization ContentProvider will call FacebookSdk.sdkInitialize automatically
131         with the application context. This config is merged in with the host app's manifest,
132         but there can only be one provider with the same authority activated at any given
133         point; so if the end user has two or more different apps that use Facebook SDK, only the
134         first one will be able to use the provider. To work around this problem, we use the
135         following placeholder in the authority to identify each host application as if it was
136         a completely different provider.
137        -->
138        <provider
138-->[com.facebook.android:facebook-core:5.15.3] AndroidManifest.xml:39:9-42:40
139            android:name="com.facebook.internal.FacebookInitProvider"
139-->[com.facebook.android:facebook-core:5.15.3] AndroidManifest.xml:40:13-70
140            android:authorities="com.example.task.FacebookInitProvider"
140-->[com.facebook.android:facebook-core:5.15.3] AndroidManifest.xml:41:13-72
141            android:exported="false" />
141-->[com.facebook.android:facebook-core:5.15.3] AndroidManifest.xml:42:13-37
142
143        <receiver
143-->[com.facebook.android:facebook-core:5.15.3] AndroidManifest.xml:44:9-50:20
144            android:name="com.facebook.CurrentAccessTokenExpirationBroadcastReceiver"
144-->[com.facebook.android:facebook-core:5.15.3] AndroidManifest.xml:45:13-86
145            android:exported="false" >
145-->[com.facebook.android:facebook-core:5.15.3] AndroidManifest.xml:46:13-37
146            <intent-filter>
146-->[com.facebook.android:facebook-core:5.15.3] AndroidManifest.xml:47:13-49:29
147                <action android:name="com.facebook.sdk.ACTION_CURRENT_ACCESS_TOKEN_CHANGED" />
147-->[com.facebook.android:facebook-core:5.15.3] AndroidManifest.xml:48:17-95
147-->[com.facebook.android:facebook-core:5.15.3] AndroidManifest.xml:48:25-92
148            </intent-filter>
149        </receiver>
150        <receiver
150-->[com.google.firebase:firebase-iid:20.0.2] AndroidManifest.xml:37:9-44:20
151            android:name="com.google.firebase.iid.FirebaseInstanceIdReceiver"
151-->[com.google.firebase:firebase-iid:20.0.2] AndroidManifest.xml:38:13-78
152            android:exported="true"
152-->[com.google.firebase:firebase-iid:20.0.2] AndroidManifest.xml:39:13-36
153            android:permission="com.google.android.c2dm.permission.SEND" >
153-->[com.google.firebase:firebase-iid:20.0.2] AndroidManifest.xml:40:13-73
154            <intent-filter>
154-->[com.google.firebase:firebase-iid:20.0.2] AndroidManifest.xml:41:13-43:29
155                <action android:name="com.google.android.c2dm.intent.RECEIVE" />
155-->[com.google.firebase:firebase-iid:20.0.2] AndroidManifest.xml:42:17-81
155-->[com.google.firebase:firebase-iid:20.0.2] AndroidManifest.xml:42:25-78
156            </intent-filter>
157        </receiver>
158
159        <activity
159-->[com.google.android.gms:play-services-base:17.1.0] AndroidManifest.xml:23:9-26:75
160            android:name="com.google.android.gms.common.api.GoogleApiActivity"
160-->[com.google.android.gms:play-services-base:17.1.0] AndroidManifest.xml:24:13-79
161            android:exported="false"
161-->[com.google.android.gms:play-services-base:17.1.0] AndroidManifest.xml:25:13-37
162            android:theme="@android:style/Theme.Translucent.NoTitleBar" />
162-->[com.google.android.gms:play-services-base:17.1.0] AndroidManifest.xml:26:13-72
163
164        <provider
164-->[com.google.firebase:firebase-common:19.3.0] AndroidManifest.xml:26:9-30:39
165            android:name="com.google.firebase.provider.FirebaseInitProvider"
165-->[com.google.firebase:firebase-common:19.3.0] AndroidManifest.xml:27:13-77
166            android:authorities="com.example.task.firebaseinitprovider"
166-->[com.google.firebase:firebase-common:19.3.0] AndroidManifest.xml:28:13-72
167            android:exported="false"
167-->[com.google.firebase:firebase-common:19.3.0] AndroidManifest.xml:29:13-37
168            android:initOrder="100" />
168-->[com.google.firebase:firebase-common:19.3.0] AndroidManifest.xml:30:13-36
169
170        <meta-data
170-->[com.google.android.gms:play-services-basement:17.0.0] AndroidManifest.xml:23:9-25:69
171            android:name="com.google.android.gms.version"
171-->[com.google.android.gms:play-services-basement:17.0.0] AndroidManifest.xml:24:13-58
172            android:value="@integer/google_play_services_version" />
172-->[com.google.android.gms:play-services-basement:17.0.0] AndroidManifest.xml:25:13-66
173    </application>
174
175</manifest>